
> am-clinica@0.1.0 dev
> next dev

▲ Next.js 16.1.1 (Turbopack)
- Local:         http://localhost:3000
- Network:       http://192.168.1.47:3000
- Environments: .env.local, .env
- Experiments (use with caution):
  · optimizePackageImports

✓ Starting...
⚠ The "middleware" file convention is deprecated. Please use "proxy" instead. Learn more: https://nextjs.org/docs/messages/middleware-to-proxy
✓ Ready in 849ms
○ Compiling /workflows ...
 GET /dashboard 200 in 4.2s (compile: 3.6s, proxy.ts: 297ms, render: 241ms)
 GET /workflows?section=laboratorio 200 in 4.6s (compile: 3.8s, proxy.ts: 368ms, render: 381ms)
 GET /dashboard 200 in 422ms (compile: 13ms, proxy.ts: 282ms, render: 128ms)
 POST /dashboard 200 in 580ms (compile: 4ms, proxy.ts: 163ms, render: 413ms)
 POST /dashboard 200 in 456ms (compile: 3ms, proxy.ts: 135ms, render: 318ms)
 POST /dashboard 200 in 900ms (compile: 2ms, proxy.ts: 122ms, render: 776ms)
 POST /dashboard 200 in 786ms (compile: 3ms, proxy.ts: 126ms, render: 656ms)
 POST /dashboard 200 in 563ms (compile: 4ms, proxy.ts: 116ms, render: 443ms)
 POST /dashboard 200 in 578ms (compile: 7ms, proxy.ts: 126ms, render: 445ms)
 POST /dashboard 200 in 488ms (compile: 2ms, proxy.ts: 123ms, render: 363ms)
 POST /dashboard 200 in 510ms (compile: 1776µs, proxy.ts: 130ms, render: 379ms)
 POST /dashboard 200 in 455ms (compile: 4ms, proxy.ts: 138ms, render: 313ms)
 POST /dashboard 200 in 492ms (compile: 1947µs, proxy.ts: 118ms, render: 372ms)
 POST /dashboard 200 in 593ms (compile: 3ms, proxy.ts: 124ms, render: 466ms)
 POST /dashboard 200 in 626ms (compile: 1951µs, proxy.ts: 118ms, render: 507ms)
 POST /dashboard 200 in 390ms (compile: 2ms, proxy.ts: 125ms, render: 263ms)
 POST /dashboard 200 in 387ms (compile: 3ms, proxy.ts: 124ms, render: 261ms)
 POST /dashboard 200 in 413ms (compile: 1932µs, proxy.ts: 117ms, render: 294ms)
 POST /dashboard 200 in 440ms (compile: 1925µs, proxy.ts: 115ms, render: 323ms)
 POST /dashboard 200 in 191ms (compile: 4ms, proxy.ts: 126ms, render: 62ms)
 POST /dashboard 200 in 201ms (compile: 2ms, proxy.ts: 138ms, render: 60ms)
 POST /dashboard 200 in 184ms (compile: 1919µs, proxy.ts: 120ms, render: 62ms)
 POST /dashboard 200 in 182ms (compile: 3ms, proxy.ts: 116ms, render: 63ms)
 GET /caja-admin 200 in 2.1s (compile: 1833ms, proxy.ts: 194ms, render: 89ms)
 GET /api/bna-cotizacion 200 in 642ms (compile: 331ms, proxy.ts: 209ms, render: 102ms)
 GET /caja-admin?tab=personal 200 in 492ms (compile: 25ms, proxy.ts: 441ms, render: 26ms)
 POST /caja-admin?tab=personal 200 in 497ms (compile: 5ms, proxy.ts: 217ms, render: 276ms)
 POST /caja-admin?tab=personal 200 in 348ms (compile: 6ms, proxy.ts: 138ms, render: 204ms)
 GET /caja-admin?tab=movimientos 200 in 480ms (compile: 34ms, proxy.ts: 421ms, render: 26ms)
⨯ The file "./proxy.ts" must export a function, either as a default export or as a named "proxy" export.
This function is what Next.js runs for every request handled by this proxy (previously called middleware).

Why this happens:
- You are migrating from `middleware` to `proxy`, but haven't updated the exported function.
- The file exists but doesn't export a function.
- The export is not a function (e.g., an object or constant).
- There's a syntax error preventing the export from being recognized.

To fix it:
- Ensure this file has either a default or "proxy" function export.

Learn more: https://nextjs.org/docs/messages/middleware-to-proxy
⨯ [Error: The Proxy file "/proxy" must export a function named `proxy` or a default function.]
⨯ [Error: The Proxy file "/proxy" must export a function named `proxy` or a default function.]
⨯ [Error: The Proxy file "/proxy" must export a function named `proxy` or a default function.]
 GET /dashboard 404 in 1608ms (compile: -115732µs, proxy.ts: 1550ms, render: 173ms)
 GET /caja-admin?tab=movimientos 404 in 1544ms (compile: -6198µs, proxy.ts: 1504ms, render: 46ms)
 GET /workflows?section=laboratorio 404 in 1490ms (compile: -28081µs, proxy.ts: 1487ms, render: 31ms)
⨯ [Error: The Proxy file "/proxy" must export a function named `proxy` or a default function.]
⨯ [Error: The Proxy file "/proxy" must export a function named `proxy` or a default function.]
⨯ [Error: The Proxy file "/proxy" must export a function named `proxy` or a default function.]
 GET /caja-admin?tab=movimientos 404 in 102ms (compile: -29169µs, proxy.ts: 46ms, render: 85ms)
 GET /workflows?section=laboratorio 404 in 121ms (compile: -11700µs, proxy.ts: 77ms, render: 55ms)
 GET /dashboard 404 in 121ms (compile: -16794µs, proxy.ts: 99ms, render: 39ms)
⨯ [Error: The Proxy file "/proxy" must export a function named `proxy` or a default function.]
⨯ [Error: The Proxy file "/proxy" must export a function named `proxy` or a default function.]
⨯ [Error: The Proxy file "/proxy" must export a function named `proxy` or a default function.]
⨯ [Error: The Proxy file "/proxy" must export a function named `proxy` or a default function.]
⨯ [Error: The Proxy file "/proxy" must export a function named `proxy` or a default function.]
⨯ [Error: The Proxy file "/proxy" must export a function named `proxy` or a default function.]
 GET /dashboard 404 in 58ms (compile: -5749µs, proxy.ts: 42ms, render: 22ms)
 GET /caja-admin?tab=movimientos 404 in 56ms (compile: -9096µs, proxy.ts: 49ms, render: 16ms)
 GET /caja-admin?tab=movimientos 404 in 171ms (compile: -12200µs, proxy.ts: 164ms, render: 20ms)
 GET /workflows?section=laboratorio 404 in 179ms (compile: -41280µs, proxy.ts: 138ms, render: 82ms)
 GET /workflows?section=laboratorio 404 in 212ms (compile: -10322µs, proxy.ts: 151ms, render: 71ms)
⨯ [Error: The Proxy file "/proxy" must export a function named `proxy` or a default function.]
⨯ [Error: The Proxy file "/proxy" must export a function named `proxy` or a default function.]
⨯ [Error: The Proxy file "/proxy" must export a function named `proxy` or a default function.]
⨯ [Error: The Proxy file "/proxy" must export a function named `proxy` or a default function.]
⨯ [Error: The Proxy file "/proxy" must export a function named `proxy` or a default function.]
⨯ [Error: The Proxy file "/proxy" must export a function named `proxy` or a default function.]
 GET /dashboard 404 in 95ms (compile: -6449µs, proxy.ts: 78ms, render: 23ms)
⨯ [Error: The Proxy file "/proxy" must export a function named `proxy` or a default function.]
⨯ [Error: The Proxy file "/proxy" must export a function named `proxy` or a default function.]
⨯ [Error: The Proxy file "/proxy" must export a function named `proxy` or a default function.]
⨯ [Error: The Proxy file "/proxy" must export a function named `proxy` or a default function.]
⨯ [Error: The Proxy file "/proxy" must export a function named `proxy` or a default function.]
⨯ [Error: The Proxy file "/proxy" must export a function named `proxy` or a default function.]
⨯ [Error: The Proxy file "/proxy" must export a function named `proxy` or a default function.]
 GET /dashboard 404 in 104ms (compile: -4047µs, proxy.ts: 83ms, render: 25ms)
⨯ [Error: The Proxy file "/proxy" must export a function named `proxy` or a default function.]
⨯ [Error: The Proxy file "/proxy" must export a function named `proxy` or a default function.]
⨯ [Error: The Proxy file "/proxy" must export a function named `proxy` or a default function.]
⨯ [Error: The Proxy file "/proxy" must export a function named `proxy` or a default function.]
⨯ [Error: The Proxy file "/proxy" must export a function named `proxy` or a default function.]
⨯ [Error: The Proxy file "/proxy" must export a function named `proxy` or a default function.]
⨯ [Error: The Proxy file "/proxy" must export a function named `proxy` or a default function.]
⨯ [Error: The Proxy file "/proxy" must export a function named `proxy` or a default function.]
 GET /sw.js 404 in 16ms (compile: -4910µs, proxy.ts: 8ms, render: 12ms)
 GET /sw.js 404 in 16ms (compile: -3263µs, proxy.ts: 13ms, render: 7ms)
✓ Compiled in 310ms
 GET /caja-admin?tab=movimientos 200 in 711ms (compile: 9ms, proxy.ts: 674ms, render: 29ms)
 GET /workflows?section=laboratorio 200 in 996ms (compile: 16ms, proxy.ts: 742ms, render: 239ms)
 GET /api/bna-cotizacion 200 in 453ms (compile: 48ms, proxy.ts: 348ms, render: 57ms)
✓ Compiled in 187ms
✓ Compiled in 325ms
 GET /dashboard 200 in 860ms (compile: 38ms, proxy.ts: 760ms, render: 62ms)
 POST /dashboard 200 in 784ms (compile: 7ms, proxy.ts: 242ms, render: 535ms)
 POST /dashboard 200 in 816ms (compile: 5ms, proxy.ts: 152ms, render: 659ms)
 POST /dashboard 200 in 616ms (compile: 5ms, proxy.ts: 141ms, render: 470ms)
 POST /dashboard 200 in 591ms (compile: 38ms, proxy.ts: 183ms, render: 370ms)
 POST /dashboard 200 in 281ms (compile: 26ms, proxy.ts: 154ms, render: 100ms)
 POST /dashboard 200 in 454ms (compile: 5ms, proxy.ts: 131ms, render: 317ms)
 POST /dashboard 200 in 652ms (compile: 4ms, proxy.ts: 125ms, render: 523ms)
 POST /dashboard 200 in 490ms (compile: 2ms, proxy.ts: 130ms, render: 358ms)
 POST /dashboard 200 in 539ms (compile: 35ms, proxy.ts: 175ms, render: 329ms)
 POST /dashboard 200 in 267ms (compile: 8ms, proxy.ts: 162ms, render: 98ms)
○ Compiling /caja-admin/liquidaciones ...
 GET /caja-admin/liquidaciones 200 in 6.8s (compile: 6.1s, proxy.ts: 134ms, render: 612ms)
 POST /caja-admin/liquidaciones 200 in 1114ms (compile: 229ms, proxy.ts: 440ms, render: 444ms)
 POST /caja-admin/liquidaciones 200 in 720ms (compile: 49ms, proxy.ts: 247ms, render: 424ms)
 POST /caja-admin/liquidaciones 200 in 504ms (compile: 51ms, proxy.ts: 148ms, render: 304ms)
 POST /caja-admin/liquidaciones 200 in 566ms (compile: 13ms, proxy.ts: 322ms, render: 231ms)
 POST /caja-admin/liquidaciones 200 in 309ms (compile: 5ms, proxy.ts: 119ms, render: 185ms)
 POST /caja-admin/liquidaciones 200 in 500ms (compile: 4ms, proxy.ts: 122ms, render: 374ms)
○ Compiling /caja-recepcion ...
 GET /caja-recepcion 200 in 4.5s (compile: 4.1s, proxy.ts: 454ms, render: 29ms)
 GET /api/bna-cotizacion 200 in 365ms (compile: 4ms, proxy.ts: 204ms, render: 157ms)
 GET /api/bna-cotizacion 200 in 202ms (compile: 2ms, proxy.ts: 197ms, render: 2ms)
 GET /caja-admin 200 in 479ms (compile: 258ms, proxy.ts: 187ms, render: 34ms)
 GET /api/bna-cotizacion 200 in 180ms (compile: 6ms, proxy.ts: 164ms, render: 10ms)
 GET /api/bna-cotizacion 200 in 181ms (compile: 1885µs, proxy.ts: 177ms, render: 2ms)
 GET /workflows 200 in 753ms (compile: 14ms, proxy.ts: 291ms, render: 448ms)
✓ Compiled in 473ms
⚠ Fast Refresh had to perform a full reload due to a runtime error.
 GET /caja-admin 200 in 504ms (compile: 151ms, proxy.ts: 170ms, render: 183ms)
 GET /api/bna-cotizacion 200 in 140ms (compile: 1781µs, proxy.ts: 135ms, render: 3ms)
 GET /dashboard 200 in 904ms (compile: 23ms, proxy.ts: 846ms, render: 34ms)
 POST /dashboard 200 in 3.1s (compile: 9ms, proxy.ts: 2.1s, render: 972ms)
 POST /dashboard 200 in 1174ms (compile: 3ms, proxy.ts: 190ms, render: 980ms)
 GET /caja-admin 200 in 216ms (compile: 7ms, proxy.ts: 195ms, render: 14ms)
 POST /dashboard 200 in 683ms (compile: 5ms, proxy.ts: 166ms, render: 512ms)
 GET /api/bna-cotizacion 200 in 186ms (compile: 1633µs, proxy.ts: 181ms, render: 3ms)
 GET /api/bna-cotizacion 200 in 157ms (compile: 1411µs, proxy.ts: 154ms, render: 2ms)
 POST /dashboard 200 in 318ms (compile: 3ms, proxy.ts: 240ms, render: 74ms)
 POST /caja-admin 200 in 493ms (compile: 4ms, proxy.ts: 162ms, render: 326ms)
 POST /dashboard 200 in 634ms (compile: 3ms, proxy.ts: 171ms, render: 460ms)
 POST /caja-admin 200 in 888ms (compile: 3ms, proxy.ts: 241ms, render: 643ms)
 POST /dashboard 200 in 633ms (compile: 3ms, proxy.ts: 158ms, render: 472ms)
 POST /caja-admin 200 in 854ms (compile: 4ms, proxy.ts: 210ms, render: 640ms)
 POST /dashboard 200 in 1587ms (compile: 3ms, proxy.ts: 798ms, render: 785ms)
 POST /caja-admin 200 in 1802ms (compile: 5ms, proxy.ts: 200ms, render: 1597ms)
 POST /dashboard 200 in 703ms (compile: 4ms, proxy.ts: 267ms, render: 433ms)
 POST /caja-admin 200 in 1062ms (compile: 3ms, proxy.ts: 343ms, render: 715ms)
 POST /dashboard 200 in 240ms (compile: 5ms, proxy.ts: 152ms, render: 83ms)
 POST /caja-admin 200 in 375ms (compile: 5ms, proxy.ts: 125ms, render: 246ms)
 POST /dashboard 200 in 591ms (compile: 2ms, proxy.ts: 159ms, render: 430ms)
 POST /caja-admin 200 in 843ms (compile: 5ms, proxy.ts: 240ms, render: 598ms)
✓ Compiled in 704ms
✓ Compiled in 140ms
✓ Compiled in 2.1s
 GET /caja-admin 200 in 748ms (compile: 246ms, proxy.ts: 379ms, render: 123ms)
 GET /caja-admin 200 in 690ms (compile: 202ms, proxy.ts: 321ms, render: 167ms)
 GET /caja-admin?tab=movimientos 200 in 741ms (compile: 281ms, proxy.ts: 371ms, render: 89ms)
 GET /workflows?section=laboratorio 200 in 746ms (compile: 229ms, proxy.ts: 376ms, render: 141ms)
 GET /caja-admin 200 in 236ms (compile: 9ms, proxy.ts: 197ms, render: 30ms)
 GET /caja-admin 200 in 237ms (compile: 14ms, proxy.ts: 200ms, render: 23ms)
 GET /caja-admin?tab=movimientos 200 in 238ms (compile: 11ms, proxy.ts: 213ms, render: 14ms)
 GET /workflows?section=laboratorio 200 in 242ms (compile: 2ms, proxy.ts: 182ms, render: 59ms)
✓ Compiled in 755ms
✓ Compiled in 134ms
✓ Compiled in 138ms
